  Source.cpp
d:\visualstudioproject\imagestitching\imagestitching\featureutil.h(49): warning C4244: '正在初始化': 將 'float' 轉換為 'int'，由於類型不同，可能導致資料遺失
d:\visualstudioproject\imagestitching\imagestitching\featureutil.h(62): warning C4305: '正在初始化': 從 'double' 轉換為 'float'，是由較大的類型轉換為較小的類型，可能導致資料遺失
d:\visualstudioproject\imagestitching\imagestitching\featureutil.h(154): warning C4244: '=': 將 'double' 轉換為 'int'，由於類型不同，可能導致資料遺失
d:\visualstudioproject\imagestitching\imagestitching\featureutil.h(156): warning C4244: '=': 將 'int' 轉換為 'float'，由於類型不同，可能導致資料遺失
d:\visualstudioproject\imagestitching\imagestitching\featureutil.h(193): warning C4244: '正在初始化': 將 'double' 轉換為 'float'，由於類型不同，可能導致資料遺失
d:\visualstudioproject\imagestitching\imagestitching\featureutil.h(194): warning C4244: '正在初始化': 將 'double' 轉換為 'float'，由於類型不同，可能導致資料遺失
d:\visualstudioproject\imagestitching\imagestitching\featureutil.h(239): warning C4244: '正在初始化': 將 'double' 轉換為 'float'，由於類型不同，可能導致資料遺失
d:\visualstudioproject\imagestitching\imagestitching\featureutil.h(297): warning C4244: '正在初始化': 將 'T' 轉換為 'float'，由於類型不同，可能導致資料遺失
          with
          [
              T=int
          ]
d:\visualstudioproject\imagestitching\imagestitching\featureutil.h(309): warning C4244: '正在初始化': 將 'T' 轉換為 'float'，由於類型不同，可能導致資料遺失
          with
          [
              T=int
          ]
  正在產生程式碼
  0 of 1323 functions ( 0.0%) were compiled, the rest were copied from previous compilation.
    0 functions were new in current compilation
    0 functions had inline decision re-evaluated but remain unchanged
  已完成程式碼產生
  ImageStitching.vcxproj -> D:\VisualStudioProject\ImageStitching\x64\Release\ImageStitching.exe
